<?xml version="1.0" encoding="UTF-8"?>
<testng-results ignored="0" total="9" passed="9" failed="0" skipped="0">
  <reporter-output>
  </reporter-output>
  <suite started-at="2023-03-27T21:48:34 IST" name="Suite" finished-at="2023-03-27T21:49:48 IST" duration-ms="73401">
    <groups>
    </groups>
    <test started-at="2023-03-27T21:48:34 IST" name="ChromeTest" finished-at="2023-03-27T21:49:12 IST" duration-ms="38020">
      <class name="TestingNGDEMO.InstagramTestNG">
        <test-method is-config="true" signature="OpenBrowser(java.lang.String)[pri:0, instance:TestingNGDEMO.InstagramTestNG@2667f029]" started-at="2023-03-27T21:48:34 IST" name="OpenBrowser" finished-at="2023-03-27T21:48:36 IST" duration-ms="1574" status="PASS">
          <params>
            <param index="0">
              <value>
                <![CDATA[Chrome]]>
              </value>
            </param>
          </params>
          <reporter-output>
          </reporter-output>
        </test-method> <!-- OpenBrowser -->
        <test-method is-config="true" signature="createPOMObject()[pri:0, instance:TestingNGDEMO.InstagramTestNG@2667f029]" started-at="2023-03-27T21:48:36 IST" name="createPOMObject" finished-at="2023-03-27T21:48:36 IST" duration-ms="25" status="PASS">
          <reporter-output>
          </reporter-output>
        </test-method> <!-- createPOMObject -->
        <test-method is-config="true" signature="beforeMethod()[pri:0, instance:TestingNGDEMO.InstagramTestNG@2667f029]" started-at="2023-03-27T21:48:36 IST" name="beforeMethod" finished-at="2023-03-27T21:48:44 IST" duration-ms="8039" status="PASS">
          <reporter-output>
          </reporter-output>
        </test-method> <!-- beforeMethod -->
        <test-method signature="VerifyInstagramLink()[pri:1, instance:TestingNGDEMO.InstagramTestNG@2667f029]" started-at="2023-03-27T21:48:44 IST" name="VerifyInstagramLink" finished-at="2023-03-27T21:48:48 IST" duration-ms="4128" status="PASS">
          <reporter-output>
          </reporter-output>
        </test-method> <!-- VerifyInstagramLink -->
        <test-method is-config="true" signature="beforeMethod()[pri:0, instance:TestingNGDEMO.InstagramTestNG@2667f029]" started-at="2023-03-27T21:48:48 IST" name="beforeMethod" finished-at="2023-03-27T21:48:55 IST" duration-ms="6797" status="PASS">
          <reporter-output>
          </reporter-output>
        </test-method> <!-- beforeMethod -->
        <test-method is-config="true" signature="afterMethod()[pri:0, instance:TestingNGDEMO.InstagramTestNG@2667f029]" started-at="2023-03-27T21:48:48 IST" name="afterMethod" finished-at="2023-03-27T21:48:48 IST" duration-ms="0" status="PASS">
          <reporter-output>
          </reporter-output>
        </test-method> <!-- afterMethod -->
        <test-method signature="VerifyForgotPassworfLinkInstagram()[pri:2, instance:TestingNGDEMO.InstagramTestNG@2667f029]" started-at="2023-03-27T21:48:55 IST" name="VerifyForgotPassworfLinkInstagram" finished-at="2023-03-27T21:49:06 IST" duration-ms="11280" status="PASS">
          <reporter-output>
          </reporter-output>
        </test-method> <!-- VerifyForgotPassworfLinkInstagram -->
        <test-method is-config="true" signature="afterMethod()[pri:0, instance:TestingNGDEMO.InstagramTestNG@2667f029]" started-at="2023-03-27T21:49:06 IST" name="afterMethod" finished-at="2023-03-27T21:49:06 IST" duration-ms="0" status="PASS">
          <reporter-output>
          </reporter-output>
        </test-method> <!-- afterMethod -->
        <test-method is-config="true" signature="beforeMethod()[pri:0, instance:TestingNGDEMO.InstagramTestNG@2667f029]" started-at="2023-03-27T21:49:06 IST" name="beforeMethod" finished-at="2023-03-27T21:49:12 IST" duration-ms="5887" status="PASS">
          <reporter-output>
          </reporter-output>
        </test-method> <!-- beforeMethod -->
        <test-method signature="VerifyGOHOMEpAGE()[pri:3, instance:TestingNGDEMO.InstagramTestNG@2667f029]" started-at="2023-03-27T21:49:12 IST" name="VerifyGOHOMEpAGE" finished-at="2023-03-27T21:49:12 IST" duration-ms="52" status="PASS">
          <reporter-output>
          </reporter-output>
        </test-method> <!-- VerifyGOHOMEpAGE -->
        <test-method is-config="true" signature="afterMethod()[pri:0, instance:TestingNGDEMO.InstagramTestNG@2667f029]" started-at="2023-03-27T21:49:12 IST" name="afterMethod" finished-at="2023-03-27T21:49:12 IST" duration-ms="0" status="PASS">
          <reporter-output>
          </reporter-output>
        </test-method> <!-- afterMethod -->
        <test-method is-config="true" signature="clearObject()[pri:0, instance:TestingNGDEMO.InstagramTestNG@2667f029]" started-at="2023-03-27T21:49:12 IST" name="clearObject" finished-at="2023-03-27T21:49:12 IST" duration-ms="0" status="PASS">
          <reporter-output>
          </reporter-output>
        </test-method> <!-- clearObject -->
        <test-method is-config="true" signature="afterTest()[pri:0, instance:TestingNGDEMO.InstagramTestNG@2667f029]" started-at="2023-03-27T21:49:12 IST" name="afterTest" finished-at="2023-03-27T21:49:12 IST" duration-ms="189" status="PASS">
          <reporter-output>
          </reporter-output>
        </test-method> <!-- afterTest -->
      </class> <!-- TestingNGDEMO.InstagramTestNG -->
    </test> <!-- ChromeTest -->
    <test started-at="2023-03-27T21:48:34 IST" name="FirefoxTest" finished-at="2023-03-27T21:49:18 IST" duration-ms="43643">
      <class name="TestingNGDEMO.InstagramTestNG">
        <test-method is-config="true" signature="OpenBrowser(java.lang.String)[pri:0, instance:TestingNGDEMO.InstagramTestNG@5f058f00]" started-at="2023-03-27T21:48:34 IST" name="OpenBrowser" finished-at="2023-03-27T21:48:37 IST" duration-ms="2741" status="PASS">
          <params>
            <param index="0">
              <value>
                <![CDATA[Firefox]]>
              </value>
            </param>
          </params>
          <reporter-output>
          </reporter-output>
        </test-method> <!-- OpenBrowser -->
        <test-method is-config="true" signature="beforeMethod()[pri:0, instance:TestingNGDEMO.InstagramTestNG@5f058f00]" started-at="2023-03-27T21:48:37 IST" name="beforeMethod" finished-at="2023-03-27T21:48:46 IST" duration-ms="9387" status="PASS">
          <reporter-output>
          </reporter-output>
        </test-method> <!-- beforeMethod -->
        <test-method is-config="true" signature="createPOMObject()[pri:0, instance:TestingNGDEMO.InstagramTestNG@5f058f00]" started-at="2023-03-27T21:48:37 IST" name="createPOMObject" finished-at="2023-03-27T21:48:37 IST" duration-ms="0" status="PASS">
          <reporter-output>
          </reporter-output>
        </test-method> <!-- createPOMObject -->
        <test-method signature="VerifyInstagramLink()[pri:1, instance:TestingNGDEMO.InstagramTestNG@5f058f00]" started-at="2023-03-27T21:48:46 IST" name="VerifyInstagramLink" finished-at="2023-03-27T21:48:46 IST" duration-ms="7" status="PASS">
          <reporter-output>
          </reporter-output>
        </test-method> <!-- VerifyInstagramLink -->
        <test-method is-config="true" signature="afterMethod()[pri:0, instance:TestingNGDEMO.InstagramTestNG@5f058f00]" started-at="2023-03-27T21:48:46 IST" name="afterMethod" finished-at="2023-03-27T21:48:46 IST" duration-ms="0" status="PASS">
          <reporter-output>
          </reporter-output>
        </test-method> <!-- afterMethod -->
        <test-method is-config="true" signature="beforeMethod()[pri:0, instance:TestingNGDEMO.InstagramTestNG@5f058f00]" started-at="2023-03-27T21:48:46 IST" name="beforeMethod" finished-at="2023-03-27T21:48:53 IST" duration-ms="6827" status="PASS">
          <reporter-output>
          </reporter-output>
        </test-method> <!-- beforeMethod -->
        <test-method signature="VerifyForgotPassworfLinkInstagram()[pri:2, instance:TestingNGDEMO.InstagramTestNG@5f058f00]" started-at="2023-03-27T21:48:53 IST" name="VerifyForgotPassworfLinkInstagram" finished-at="2023-03-27T21:49:11 IST" duration-ms="17736" status="PASS">
          <reporter-output>
          </reporter-output>
        </test-method> <!-- VerifyForgotPassworfLinkInstagram -->
        <test-method is-config="true" signature="afterMethod()[pri:0, instance:TestingNGDEMO.InstagramTestNG@5f058f00]" started-at="2023-03-27T21:49:11 IST" name="afterMethod" finished-at="2023-03-27T21:49:11 IST" duration-ms="0" status="PASS">
          <reporter-output>
          </reporter-output>
        </test-method> <!-- afterMethod -->
        <test-method is-config="true" signature="beforeMethod()[pri:0, instance:TestingNGDEMO.InstagramTestNG@5f058f00]" started-at="2023-03-27T21:49:11 IST" name="beforeMethod" finished-at="2023-03-27T21:49:17 IST" duration-ms="6201" status="PASS">
          <reporter-output>
          </reporter-output>
        </test-method> <!-- beforeMethod -->
        <test-method signature="VerifyGOHOMEpAGE()[pri:3, instance:TestingNGDEMO.InstagramTestNG@5f058f00]" started-at="2023-03-27T21:49:17 IST" name="VerifyGOHOMEpAGE" finished-at="2023-03-27T21:49:17 IST" duration-ms="36" status="PASS">
          <reporter-output>
          </reporter-output>
        </test-method> <!-- VerifyGOHOMEpAGE -->
        <test-method is-config="true" signature="afterMethod()[pri:0, instance:TestingNGDEMO.InstagramTestNG@5f058f00]" started-at="2023-03-27T21:49:17 IST" name="afterMethod" finished-at="2023-03-27T21:49:17 IST" duration-ms="0" status="PASS">
          <reporter-output>
          </reporter-output>
        </test-method> <!-- afterMethod -->
        <test-method is-config="true" signature="clearObject()[pri:0, instance:TestingNGDEMO.InstagramTestNG@5f058f00]" started-at="2023-03-27T21:49:17 IST" name="clearObject" finished-at="2023-03-27T21:49:17 IST" duration-ms="0" status="PASS">
          <reporter-output>
          </reporter-output>
        </test-method> <!-- clearObject -->
        <test-method is-config="true" signature="afterTest()[pri:0, instance:TestingNGDEMO.InstagramTestNG@5f058f00]" started-at="2023-03-27T21:49:17 IST" name="afterTest" finished-at="2023-03-27T21:49:18 IST" duration-ms="694" status="PASS">
          <reporter-output>
          </reporter-output>
        </test-method> <!-- afterTest -->
      </class> <!-- TestingNGDEMO.InstagramTestNG -->
    </test> <!-- FirefoxTest -->
    <test started-at="2023-03-27T21:49:12 IST" name="EdgeTest" finished-at="2023-03-27T21:49:48 IST" duration-ms="35349">
      <class name="TestingNGDEMO.InstagramTestNG">
        <test-method is-config="true" signature="OpenBrowser(java.lang.String)[pri:0, instance:TestingNGDEMO.InstagramTestNG@333291e3]" started-at="2023-03-27T21:49:12 IST" name="OpenBrowser" finished-at="2023-03-27T21:49:13 IST" duration-ms="762" status="PASS">
          <params>
            <param index="0">
              <value>
                <![CDATA[Edge]]>
              </value>
            </param>
          </params>
          <reporter-output>
          </reporter-output>
        </test-method> <!-- OpenBrowser -->
        <test-method is-config="true" signature="createPOMObject()[pri:0, instance:TestingNGDEMO.InstagramTestNG@333291e3]" started-at="2023-03-27T21:49:13 IST" name="createPOMObject" finished-at="2023-03-27T21:49:13 IST" duration-ms="0" status="PASS">
          <reporter-output>
          </reporter-output>
        </test-method> <!-- createPOMObject -->
        <test-method is-config="true" signature="beforeMethod()[pri:0, instance:TestingNGDEMO.InstagramTestNG@333291e3]" started-at="2023-03-27T21:49:13 IST" name="beforeMethod" finished-at="2023-03-27T21:49:23 IST" duration-ms="9526" status="PASS">
          <reporter-output>
          </reporter-output>
        </test-method> <!-- beforeMethod -->
        <test-method signature="VerifyInstagramLink()[pri:1, instance:TestingNGDEMO.InstagramTestNG@333291e3]" started-at="2023-03-27T21:49:23 IST" name="VerifyInstagramLink" finished-at="2023-03-27T21:49:25 IST" duration-ms="2732" status="PASS">
          <reporter-output>
          </reporter-output>
        </test-method> <!-- VerifyInstagramLink -->
        <test-method is-config="true" signature="beforeMethod()[pri:0, instance:TestingNGDEMO.InstagramTestNG@333291e3]" started-at="2023-03-27T21:49:25 IST" name="beforeMethod" finished-at="2023-03-27T21:49:32 IST" duration-ms="6597" status="PASS">
          <reporter-output>
          </reporter-output>
        </test-method> <!-- beforeMethod -->
        <test-method is-config="true" signature="afterMethod()[pri:0, instance:TestingNGDEMO.InstagramTestNG@333291e3]" started-at="2023-03-27T21:49:25 IST" name="afterMethod" finished-at="2023-03-27T21:49:25 IST" duration-ms="0" status="PASS">
          <reporter-output>
          </reporter-output>
        </test-method> <!-- afterMethod -->
        <test-method signature="VerifyForgotPassworfLinkInstagram()[pri:2, instance:TestingNGDEMO.InstagramTestNG@333291e3]" started-at="2023-03-27T21:49:32 IST" name="VerifyForgotPassworfLinkInstagram" finished-at="2023-03-27T21:49:40 IST" duration-ms="8114" status="PASS">
          <reporter-output>
          </reporter-output>
        </test-method> <!-- VerifyForgotPassworfLinkInstagram -->
        <test-method is-config="true" signature="afterMethod()[pri:0, instance:TestingNGDEMO.InstagramTestNG@333291e3]" started-at="2023-03-27T21:49:40 IST" name="afterMethod" finished-at="2023-03-27T21:49:40 IST" duration-ms="1" status="PASS">
          <reporter-output>
          </reporter-output>
        </test-method> <!-- afterMethod -->
        <test-method is-config="true" signature="beforeMethod()[pri:0, instance:TestingNGDEMO.InstagramTestNG@333291e3]" started-at="2023-03-27T21:49:40 IST" name="beforeMethod" finished-at="2023-03-27T21:49:47 IST" duration-ms="7318" status="PASS">
          <reporter-output>
          </reporter-output>
        </test-method> <!-- beforeMethod -->
        <test-method signature="VerifyGOHOMEpAGE()[pri:3, instance:TestingNGDEMO.InstagramTestNG@333291e3]" started-at="2023-03-27T21:49:47 IST" name="VerifyGOHOMEpAGE" finished-at="2023-03-27T21:49:47 IST" duration-ms="47" status="PASS">
          <reporter-output>
          </reporter-output>
        </test-method> <!-- VerifyGOHOMEpAGE -->
        <test-method is-config="true" signature="clearObject()[pri:0, instance:TestingNGDEMO.InstagramTestNG@333291e3]" started-at="2023-03-27T21:49:47 IST" name="clearObject" finished-at="2023-03-27T21:49:47 IST" duration-ms="1" status="PASS">
          <reporter-output>
          </reporter-output>
        </test-method> <!-- clearObject -->
        <test-method is-config="true" signature="afterMethod()[pri:0, instance:TestingNGDEMO.InstagramTestNG@333291e3]" started-at="2023-03-27T21:49:47 IST" name="afterMethod" finished-at="2023-03-27T21:49:47 IST" duration-ms="0" status="PASS">
          <reporter-output>
          </reporter-output>
        </test-method> <!-- afterMethod -->
        <test-method is-config="true" signature="afterTest()[pri:0, instance:TestingNGDEMO.InstagramTestNG@333291e3]" started-at="2023-03-27T21:49:47 IST" name="afterTest" finished-at="2023-03-27T21:49:48 IST" duration-ms="246" status="PASS">
          <reporter-output>
          </reporter-output>
        </test-method> <!-- afterTest -->
      </class> <!-- TestingNGDEMO.InstagramTestNG -->
    </test> <!-- EdgeTest -->
  </suite> <!-- Suite -->
</testng-results>
