<?xml version="1.0" encoding="UTF-8"?>
<!-- Generated by org.testng.reporters.JUnitXMLReporter -->
<testsuite ignored="0" hostname="ACER" failures="0" tests="3" name="ChromeTest" time="38.02" errors="0" timestamp="2023-03-27T21:49:12 IST">
  <testcase classname="TestingNGDEMO.InstagramTestNG" name="VerifyInstagramLink" time="4.128"/>
  <testcase classname="TestingNGDEMO.InstagramTestNG" name="VerifyForgotPassworfLinkInstagram" time="11.28"/>
  <testcase classname="TestingNGDEMO.InstagramTestNG" name="VerifyGOHOMEpAGE" time="0.052"/>
</testsuite> <!-- ChromeTest -->
