<?xml version="1.0" encoding="UTF-8"?>
<!-- Generated by org.testng.reporters.JUnitXMLReporter -->
<testsuite ignored="0" hostname="ACER" failures="0" tests="3" name="EdgeTest" time="35.349" errors="0" timestamp="2023-03-27T21:49:48 IST">
  <testcase classname="TestingNGDEMO.InstagramTestNG" name="VerifyInstagramLink" time="2.732"/>
  <testcase classname="TestingNGDEMO.InstagramTestNG" name="VerifyForgotPassworfLinkInstagram" time="8.114"/>
  <testcase classname="TestingNGDEMO.InstagramTestNG" name="VerifyGOHOMEpAGE" time="0.047"/>
</testsuite> <!-- EdgeTest -->
