<?xml version="1.0" encoding="UTF-8"?>
<!-- Generated by org.testng.reporters.JUnitXMLReporter -->
<testsuite ignored="0" hostname="ACER" failures="0" tests="3" name="FirefoxTest" time="43.643" errors="0" timestamp="2023-03-27T21:49:18 IST">
  <testcase classname="TestingNGDEMO.InstagramTestNG" name="VerifyInstagramLink" time="0.007"/>
  <testcase classname="TestingNGDEMO.InstagramTestNG" name="VerifyForgotPassworfLinkInstagram" time="17.736"/>
  <testcase classname="TestingNGDEMO.InstagramTestNG" name="VerifyGOHOMEpAGE" time="0.036"/>
</testsuite> <!-- FirefoxTest -->
