<?xml version="1.0" encoding="UTF-8"?>
<!-- Generated by org.testng.reporters.JUnitXMLReporter -->
<testsuite ignored="0" hostname="ACER" failures="0" tests="5" name="Test4" time="22.969" errors="0" timestamp="2023-03-23T17:54:30 IST">
  <testcase classname="TestingNGDEMO.HomePageTestNGClass" name="VerifyTextMessagePresentInHomePage" time="0.024"/>
  <testcase classname="TestingNGDEMO.HomePageTestNGClass" name="VerifyLoginPageisOpen" time="4.071"/>
  <testcase classname="TestingNGDEMO.HomePageTestNGClass" name="VerifyErrorSMGOccursByPassingInvalidData" time="2.331"/>
  <testcase classname="TestingNGDEMO.TestNGClass1" name="VerifyMessageonforgotpasswordPage" time="0.027"/>
  <testcase classname="TestingNGDEMO.TestNGClass1" name="VerifyCancelbuttononForgotpasswordpage" time="1.052"/>
</testsuite> <!-- Test4 -->
